<?xml version="1.0" encoding="UTF-8"?>
<!-- Generated by org.testng.reporters.JUnitXMLReporter -->
<testsuite hostname="DESKTOP-BNB7S0D" tests="1" failures="0" timestamp="5 Jun 2020 10:07:10 GMT" time="29.055" errors="0">
  <testcase name="@BeforeClass beforeTest" time="0.0" classname="DockerDemo">
    <failure type="org.openqa.selenium.SessionNotCreatedException" message="session not created: This version of ChromeDriver only supports Chrome version 80
Build info: version: &amp;apos;3.141.5&amp;apos;, revision: &amp;apos;d54ebd709a&amp;apos;, time: &amp;apos;2018-11-06T11:42:16&amp;apos;
System info: host: &amp;apos;DESKTOP-BNB7S0D&amp;apos;, ip: &amp;apos;192.168.43.112&amp;apos;, os.name: &amp;apos;Windows 10&amp;apos;, os.arch: &amp;apos;amd64&amp;apos;, os.version: &amp;apos;10.0&amp;apos;, java.version: &amp;apos;1.8.0_181&amp;apos;
Driver info: driver.version: ChromeDriver
remote stacktrace: Backtrace:
	Ordinal0 [0x00510C83+1707139]
	Ordinal0 [0x004768F1+1075441]
	Ordinal0 [0x003EDFC9+516041]
	Ordinal0 [0x00380554+66900]
	Ordinal0 [0x0037CCE2+52450]
	Ordinal0 [0x0039BFD7+180183]
	Ordinal0 [0x0039BDDD+179677]
	Ordinal0 [0x00399D4B+171339]
	Ordinal0 [0x00381D4A+73034]
	Ordinal0 [0x00382DC0+77248]
	Ordinal0 [0x00382D59+77145]
	Ordinal0 [0x0048BB67+1162087]
	GetHandleVerifier [0x005AA966+508998]
	GetHandleVerifier [0x005AA6A4+508292]
	GetHandleVerifier [0x005BF7B7+594583]
	GetHandleVerifier [0x005AB1D6+511158]
	Ordinal0 [0x0048402C+1130540]
	Ordinal0 [0x0048D4CB+1168587]
	Ordinal0 [0x0048D633+1168947]
	Ordinal0 [0x004A5B35+1268533]
	BaseThreadInitThunk [0x772F0419+25]
	RtlGetAppContainerNamedObjectPath [0x774866DD+237]
	RtlGetAppContainerNamedObjectPath [0x774866AD+189]
">
      <![CDATA[org.openqa.selenium.SessionNotCreatedException: session not created: This version of ChromeDriver only supports Chrome version 80
Build info: version: '3.141.5', revision: 'd54ebd709a', time: '2018-11-06T11:42:16'
System info: host: 'DESKTOP-BNB7S0D', ip: '192.168.43.112', os.name: 'Windows 10', os.arch: 'amd64', os.version: '10.0', java.version: '1.8.0_181'
Driver info: driver.version: ChromeDriver
remote stacktrace: Backtrace:
	Ordinal0 [0x00510C83+1707139]
	Ordinal0 [0x004768F1+1075441]
	Ordinal0 [0x003EDFC9+516041]
	Ordinal0 [0x00380554+66900]
	Ordinal0 [0x0037CCE2+52450]
	Ordinal0 [0x0039BFD7+180183]
	Ordinal0 [0x0039BDDD+179677]
	Ordinal0 [0x00399D4B+171339]
	Ordinal0 [0x00381D4A+73034]
	Ordinal0 [0x00382DC0+77248]
	Ordinal0 [0x00382D59+77145]
	Ordinal0 [0x0048BB67+1162087]
	GetHandleVerifier [0x005AA966+508998]
	GetHandleVerifier [0x005AA6A4+508292]
	GetHandleVerifier [0x005BF7B7+594583]
	GetHandleVerifier [0x005AB1D6+511158]
	Ordinal0 [0x0048402C+1130540]
	Ordinal0 [0x0048D4CB+1168587]
	Ordinal0 [0x0048D633+1168947]
	Ordinal0 [0x004A5B35+1268533]
	BaseThreadInitThunk [0x772F0419+25]
	RtlGetAppContainerNamedObjectPath [0x774866DD+237]
	RtlGetAppContainerNamedObjectPath [0x774866AD+189]

	at org.openqa.selenium.remote.W3CHandshakeResponse.lambda$errorHandler$0(W3CHandshakeResponse.java:62)
	at org.openqa.selenium.remote.HandshakeResponse.lambda$getResponseFunction$0(HandshakeResponse.java:30)
	at org.openqa.selenium.remote.ProtocolHandshake.lambda$createSession$0(ProtocolHandshake.java:123)
	at java.util.stream.ReferencePipeline$3$1.accept(Unknown Source)
	at java.util.Spliterators$ArraySpliterator.tryAdvance(Unknown Source)
	at java.util.stream.ReferencePipeline.forEachWithCancel(Unknown Source)
	at java.util.stream.AbstractPipeline.copyIntoWithCancel(Unknown Source)
	at java.util.stream.AbstractPipeline.copyInto(Unknown Source)
	at java.util.stream.AbstractPipeline.wrapAndCopyInto(Unknown Source)
	at java.util.stream.FindOps$FindOp.evaluateSequential(Unknown Source)
	at java.util.stream.AbstractPipeline.evaluate(Unknown Source)
	at java.util.stream.ReferencePipeline.findFirst(Unknown Source)
	at org.openqa.selenium.remote.ProtocolHandshake.createSession(ProtocolHandshake.java:125)
	at org.openqa.selenium.remote.ProtocolHandshake.createSession(ProtocolHandshake.java:74)
	at org.openqa.selenium.remote.HttpCommandExecutor.execute(HttpCommandExecutor.java:136)
	at org.openqa.selenium.remote.service.DriverCommandExecutor.execute(DriverCommandExecutor.java:83)
	at org.openqa.selenium.remote.RemoteWebDriver.execute(RemoteWebDriver.java:552)
	at org.openqa.selenium.remote.RemoteWebDriver.startSession(RemoteWebDriver.java:213)
	at org.openqa.selenium.remote.RemoteWebDriver.<init>(RemoteWebDriver.java:131)
	at org.openqa.selenium.chrome.ChromeDriver.<init>(ChromeDriver.java:181)
	at org.openqa.selenium.chrome.ChromeDriver.<init>(ChromeDriver.java:168)
	at org.openqa.selenium.chrome.ChromeDriver.<init>(ChromeDriver.java:123)
	at DockerDemo.beforeTest(DockerDemo.java:27)
... Removed 28 stack frames]]>
    </failure>
  </testcase> <!-- @BeforeClass beforeTest -->
  <testcase name="login" time="0.01" classname="DockerDemo">
    <skipped/>
  </testcase> <!-- login -->
</testsuite>
