<?xml version="1.0" encoding="UTF-8"?>
<!-- Generated by org.testng.reporters.JUnitReportReporter -->
<testsuite hostname="DESKTOP-BNB7S0D" name="DockerDemo" tests="2" failures="2" timestamp="5 Jun 2020 10:07:10 GMT" time="0.012" errors="0">
  <testcase name="login" time="0.010" classname="DockerDemo">
    <failure type="org.openqa.selenium.SessionNotCreatedException" message="session not created: This version of ChromeDriver only supports Chrome version 80
Build info: version: &#039;3.141.5&#039;, revision: &#039;d54ebd709a&#039;, time: &#039;2018-11-06T11:42:16&#039;
System info: host: &#039;DESKTOP-BNB7S0D&#039;, ip: &#039;192.168.43.112&#039;, os.name: &#039;Windows 10&#039;, os.arch: &#039;amd64&#039;, os.version: &#039;10.0&#039;, java.version: &#039;1.8.0_181&#039;
Driver info: driver.version: ChromeDriver
remote stacktrace: Backtrace:
	Ordinal0 [0x00510C83+1707139]
	Ordinal0 [0x004768F1+1075441]
	Ordinal0 [0x003EDFC9+516041]
	Ordinal0 [0x00380554+66900]
	Ordinal0 [0x0037CCE2+52450]
	Ordinal0 [0x0039BFD7+180183]
	Ordinal0 [0x0039BDDD+179677]
	Ordinal0 [0x00399D4B+171339]
	Ordinal0 [0x00381D4A+73034]
	Ordinal0 [0x00382DC0+77248]
	Ordinal0 [0x00382D59+77145]
	Ordinal0 [0x0048BB67+1162087]
	GetHandleVerifier [0x005AA966+508998]
	GetHandleVerifier [0x005AA6A4+508292]
	GetHandleVerifier [0x005BF7B7+594583]
	GetHandleVerifier [0x005AB1D6+511158]
	Ordinal0 [0x0048402C+1130540]
	Ordinal0 [0x0048D4CB+1168587]
	Ordinal0 [0x0048D633+1168947]
	Ordinal0 [0x004A5B35+1268533]
	BaseThreadInitThunk [0x772F0419+25]
	RtlGetAppContainerNamedObjectPath [0x774866DD+237]
	RtlGetAppContainerNamedObjectPath [0x774866AD+189]
">
      <![CDATA[org.openqa.selenium.SessionNotCreatedException: session not created: This version of ChromeDriver only supports Chrome version 80
Build info: version: '3.141.5', revision: 'd54ebd709a', time: '2018-11-06T11:42:16'
System info: host: 'DESKTOP-BNB7S0D', ip: '192.168.43.112', os.name: 'Windows 10', os.arch: 'amd64', os.version: '10.0', java.version: '1.8.0_181'
Driver info: driver.version: ChromeDriver
remote stacktrace: Backtrace:
	Ordinal0 [0x00510C83+1707139]
	Ordinal0 [0x004768F1+1075441]
	Ordinal0 [0x003EDFC9+516041]
	Ordinal0 [0x00380554+66900]
	Ordinal0 [0x0037CCE2+52450]
	Ordinal0 [0x0039BFD7+180183]
	Ordinal0 [0x0039BDDD+179677]
	Ordinal0 [0x00399D4B+171339]
	Ordinal0 [0x00381D4A+73034]
	Ordinal0 [0x00382DC0+77248]
	Ordinal0 [0x00382D59+77145]
	Ordinal0 [0x0048BB67+1162087]
	GetHandleVerifier [0x005AA966+508998]
	GetHandleVerifier [0x005AA6A4+508292]
	GetHandleVerifier [0x005BF7B7+594583]
	GetHandleVerifier [0x005AB1D6+511158]
	Ordinal0 [0x0048402C+1130540]
	Ordinal0 [0x0048D4CB+1168587]
	Ordinal0 [0x0048D633+1168947]
	Ordinal0 [0x004A5B35+1268533]
	BaseThreadInitThunk [0x772F0419+25]
	RtlGetAppContainerNamedObjectPath [0x774866DD+237]
	RtlGetAppContainerNamedObjectPath [0x774866AD+189]

	at sun.reflect.NativeConstructorAccessorImpl.newInstance0(Native Method)
	at sun.reflect.NativeConstructorAccessorImpl.newInstance(Unknown Source)
	at sun.reflect.DelegatingConstructorAccessorImpl.newInstance(Unknown Source)
	at java.lang.reflect.Constructor.newInstance(Unknown Source)
	at org.openqa.selenium.remote.W3CHandshakeResponse.lambda$errorHandler$0(W3CHandshakeResponse.java:62)
	at org.openqa.selenium.remote.HandshakeResponse.lambda$getResponseFunction$0(HandshakeResponse.java:30)
	at org.openqa.selenium.remote.ProtocolHandshake.lambda$createSession$0(ProtocolHandshake.java:123)
	at java.util.stream.ReferencePipeline$3$1.accept(Unknown Source)
	at java.util.Spliterators$ArraySpliterator.tryAdvance(Unknown Source)
	at java.util.stream.ReferencePipeline.forEachWithCancel(Unknown Source)
	at java.util.stream.AbstractPipeline.copyIntoWithCancel(Unknown Source)
	at java.util.stream.AbstractPipeline.copyInto(Unknown Source)
	at java.util.stream.AbstractPipeline.wrapAndCopyInto(Unknown Source)
	at java.util.stream.FindOps$FindOp.evaluateSequential(Unknown Source)
	at java.util.stream.AbstractPipeline.evaluate(Unknown Source)
	at java.util.stream.ReferencePipeline.findFirst(Unknown Source)
	at org.openqa.selenium.remote.ProtocolHandshake.createSession(ProtocolHandshake.java:125)
	at org.openqa.selenium.remote.ProtocolHandshake.createSession(ProtocolHandshake.java:74)
	at org.openqa.selenium.remote.HttpCommandExecutor.execute(HttpCommandExecutor.java:136)
	at org.openqa.selenium.remote.service.DriverCommandExecutor.execute(DriverCommandExecutor.java:83)
	at org.openqa.selenium.remote.RemoteWebDriver.execute(RemoteWebDriver.java:552)
	at org.openqa.selenium.remote.RemoteWebDriver.startSession(RemoteWebDriver.java:213)
	at org.openqa.selenium.remote.RemoteWebDriver.<init>(RemoteWebDriver.java:131)
	at org.openqa.selenium.chrome.ChromeDriver.<init>(ChromeDriver.java:181)
	at org.openqa.selenium.chrome.ChromeDriver.<init>(ChromeDriver.java:168)
	at org.openqa.selenium.chrome.ChromeDriver.<init>(ChromeDriver.java:123)
	at DockerDemo.beforeTest(DockerDemo.java:27)
	at sun.reflect.NativeMethodAccessorImpl.invoke0(Native Method)
	at sun.reflect.NativeMethodAccessorImpl.invoke(Unknown Source)
	at sun.reflect.DelegatingMethodAccessorImpl.invoke(Unknown Source)
	at java.lang.reflect.Method.invoke(Unknown Source)
	at org.testng.internal.MethodInvocationHelper.invokeMethod(MethodInvocationHelper.java:80)
	at org.testng.internal.Invoker.invokeConfigurationMethod(Invoker.java:564)
	at org.testng.internal.Invoker.invokeConfigurations(Invoker.java:213)
	at org.testng.internal.Invoker.invokeConfigurations(Invoker.java:138)
	at org.testng.internal.TestMethodWorker.invokeBeforeClassMethods(TestMethodWorker.java:175)
	at org.testng.internal.TestMethodWorker.run(TestMethodWorker.java:107)
	at org.testng.TestRunner.privateRun(TestRunner.java:767)
	at org.testng.TestRunner.run(TestRunner.java:617)
	at org.testng.SuiteRunner.runTest(SuiteRunner.java:334)
	at org.testng.SuiteRunner.runSequentially(SuiteRunner.java:329)
	at org.testng.SuiteRunner.privateRun(SuiteRunner.java:291)
	at org.testng.SuiteRunner.run(SuiteRunner.java:240)
	at org.testng.SuiteRunnerWorker.runSuite(SuiteRunnerWorker.java:52)
	at org.testng.SuiteRunnerWorker.run(SuiteRunnerWorker.java:86)
	at org.testng.TestNG.runSuitesSequentially(TestNG.java:1198)
	at org.testng.TestNG.runSuitesLocally(TestNG.java:1123)
	at org.testng.TestNG.run(TestNG.java:1031)
	at org.testng.remote.AbstractRemoteTestNG.run(AbstractRemoteTestNG.java:115)
	at org.testng.remote.RemoteTestNG.initAndRun(RemoteTestNG.java:251)
	at org.testng.remote.RemoteTestNG.main(RemoteTestNG.java:77)
]]>
    </failure>
  </testcase> <!-- login -->
  <testcase name="login" time="0.002" classname="DockerDemo">
    <failure type="org.openqa.selenium.SessionNotCreatedException" message="session not created: This version of ChromeDriver only supports Chrome version 80
Build info: version: &#039;3.141.5&#039;, revision: &#039;d54ebd709a&#039;, time: &#039;2018-11-06T11:42:16&#039;
System info: host: &#039;DESKTOP-BNB7S0D&#039;, ip: &#039;192.168.43.112&#039;, os.name: &#039;Windows 10&#039;, os.arch: &#039;amd64&#039;, os.version: &#039;10.0&#039;, java.version: &#039;1.8.0_181&#039;
Driver info: driver.version: ChromeDriver
remote stacktrace: Backtrace:
	Ordinal0 [0x00510C83+1707139]
	Ordinal0 [0x004768F1+1075441]
	Ordinal0 [0x003EDFC9+516041]
	Ordinal0 [0x00380554+66900]
	Ordinal0 [0x0037CCE2+52450]
	Ordinal0 [0x0039BFD7+180183]
	Ordinal0 [0x0039BDDD+179677]
	Ordinal0 [0x00399D4B+171339]
	Ordinal0 [0x00381D4A+73034]
	Ordinal0 [0x00382DC0+77248]
	Ordinal0 [0x00382D59+77145]
	Ordinal0 [0x0048BB67+1162087]
	GetHandleVerifier [0x005AA966+508998]
	GetHandleVerifier [0x005AA6A4+508292]
	GetHandleVerifier [0x005BF7B7+594583]
	GetHandleVerifier [0x005AB1D6+511158]
	Ordinal0 [0x0048402C+1130540]
	Ordinal0 [0x0048D4CB+1168587]
	Ordinal0 [0x0048D633+1168947]
	Ordinal0 [0x004A5B35+1268533]
	BaseThreadInitThunk [0x772F0419+25]
	RtlGetAppContainerNamedObjectPath [0x774866DD+237]
	RtlGetAppContainerNamedObjectPath [0x774866AD+189]
">
      <![CDATA[org.openqa.selenium.SessionNotCreatedException: session not created: This version of ChromeDriver only supports Chrome version 80
Build info: version: '3.141.5', revision: 'd54ebd709a', time: '2018-11-06T11:42:16'
System info: host: 'DESKTOP-BNB7S0D', ip: '192.168.43.112', os.name: 'Windows 10', os.arch: 'amd64', os.version: '10.0', java.version: '1.8.0_181'
Driver info: driver.version: ChromeDriver
remote stacktrace: Backtrace:
	Ordinal0 [0x00510C83+1707139]
	Ordinal0 [0x004768F1+1075441]
	Ordinal0 [0x003EDFC9+516041]
	Ordinal0 [0x00380554+66900]
	Ordinal0 [0x0037CCE2+52450]
	Ordinal0 [0x0039BFD7+180183]
	Ordinal0 [0x0039BDDD+179677]
	Ordinal0 [0x00399D4B+171339]
	Ordinal0 [0x00381D4A+73034]
	Ordinal0 [0x00382DC0+77248]
	Ordinal0 [0x00382D59+77145]
	Ordinal0 [0x0048BB67+1162087]
	GetHandleVerifier [0x005AA966+508998]
	GetHandleVerifier [0x005AA6A4+508292]
	GetHandleVerifier [0x005BF7B7+594583]
	GetHandleVerifier [0x005AB1D6+511158]
	Ordinal0 [0x0048402C+1130540]
	Ordinal0 [0x0048D4CB+1168587]
	Ordinal0 [0x0048D633+1168947]
	Ordinal0 [0x004A5B35+1268533]
	BaseThreadInitThunk [0x772F0419+25]
	RtlGetAppContainerNamedObjectPath [0x774866DD+237]
	RtlGetAppContainerNamedObjectPath [0x774866AD+189]

	at sun.reflect.NativeConstructorAccessorImpl.newInstance0(Native Method)
	at sun.reflect.NativeConstructorAccessorImpl.newInstance(Unknown Source)
	at sun.reflect.DelegatingConstructorAccessorImpl.newInstance(Unknown Source)
	at java.lang.reflect.Constructor.newInstance(Unknown Source)
	at org.openqa.selenium.remote.W3CHandshakeResponse.lambda$errorHandler$0(W3CHandshakeResponse.java:62)
	at org.openqa.selenium.remote.HandshakeResponse.lambda$getResponseFunction$0(HandshakeResponse.java:30)
	at org.openqa.selenium.remote.ProtocolHandshake.lambda$createSession$0(ProtocolHandshake.java:123)
	at java.util.stream.ReferencePipeline$3$1.accept(Unknown Source)
	at java.util.Spliterators$ArraySpliterator.tryAdvance(Unknown Source)
	at java.util.stream.ReferencePipeline.forEachWithCancel(Unknown Source)
	at java.util.stream.AbstractPipeline.copyIntoWithCancel(Unknown Source)
	at java.util.stream.AbstractPipeline.copyInto(Unknown Source)
	at java.util.stream.AbstractPipeline.wrapAndCopyInto(Unknown Source)
	at java.util.stream.FindOps$FindOp.evaluateSequential(Unknown Source)
	at java.util.stream.AbstractPipeline.evaluate(Unknown Source)
	at java.util.stream.ReferencePipeline.findFirst(Unknown Source)
	at org.openqa.selenium.remote.ProtocolHandshake.createSession(ProtocolHandshake.java:125)
	at org.openqa.selenium.remote.ProtocolHandshake.createSession(ProtocolHandshake.java:74)
	at org.openqa.selenium.remote.HttpCommandExecutor.execute(HttpCommandExecutor.java:136)
	at org.openqa.selenium.remote.service.DriverCommandExecutor.execute(DriverCommandExecutor.java:83)
	at org.openqa.selenium.remote.RemoteWebDriver.execute(RemoteWebDriver.java:552)
	at org.openqa.selenium.remote.RemoteWebDriver.startSession(RemoteWebDriver.java:213)
	at org.openqa.selenium.remote.RemoteWebDriver.<init>(RemoteWebDriver.java:131)
	at org.openqa.selenium.chrome.ChromeDriver.<init>(ChromeDriver.java:181)
	at org.openqa.selenium.chrome.ChromeDriver.<init>(ChromeDriver.java:168)
	at org.openqa.selenium.chrome.ChromeDriver.<init>(ChromeDriver.java:123)
	at DockerDemo.beforeTest(DockerDemo.java:27)
	at sun.reflect.NativeMethodAccessorImpl.invoke0(Native Method)
	at sun.reflect.NativeMethodAccessorImpl.invoke(Unknown Source)
	at sun.reflect.DelegatingMethodAccessorImpl.invoke(Unknown Source)
	at java.lang.reflect.Method.invoke(Unknown Source)
	at org.testng.internal.MethodInvocationHelper.invokeMethod(MethodInvocationHelper.java:80)
	at org.testng.internal.Invoker.invokeConfigurationMethod(Invoker.java:564)
	at org.testng.internal.Invoker.invokeConfigurations(Invoker.java:213)
	at org.testng.internal.Invoker.invokeConfigurations(Invoker.java:138)
	at org.testng.internal.TestMethodWorker.invokeBeforeClassMethods(TestMethodWorker.java:175)
	at org.testng.internal.TestMethodWorker.run(TestMethodWorker.java:107)
	at org.testng.TestRunner.privateRun(TestRunner.java:767)
	at org.testng.TestRunner.run(TestRunner.java:617)
	at org.testng.SuiteRunner.runTest(SuiteRunner.java:334)
	at org.testng.SuiteRunner.runSequentially(SuiteRunner.java:329)
	at org.testng.SuiteRunner.privateRun(SuiteRunner.java:291)
	at org.testng.SuiteRunner.run(SuiteRunner.java:240)
	at org.testng.SuiteRunnerWorker.runSuite(SuiteRunnerWorker.java:52)
	at org.testng.SuiteRunnerWorker.run(SuiteRunnerWorker.java:86)
	at org.testng.TestNG.runSuitesSequentially(TestNG.java:1198)
	at org.testng.TestNG.runSuitesLocally(TestNG.java:1123)
	at org.testng.TestNG.run(TestNG.java:1031)
	at org.testng.remote.AbstractRemoteTestNG.run(AbstractRemoteTestNG.java:115)
	at org.testng.remote.RemoteTestNG.initAndRun(RemoteTestNG.java:251)
	at org.testng.remote.RemoteTestNG.main(RemoteTestNG.java:77)
]]>
    </failure>
  </testcase> <!-- login -->
</testsuite> <!-- DockerDemo -->
